c:\microchip\mla\v2014_07_22\apps\usb\device\hid_custom\utilities\plug_and_play_example\windows\src\vc++2005_express\debug\hid pnp demo.pch
c:\microchip\mla\v2014_07_22\apps\usb\device\hid_custom\utilities\plug_and_play_example\windows\src\vc++2005_express\debug\vc120.pdb
c:\microchip\mla\v2014_07_22\apps\usb\device\hid_custom\utilities\plug_and_play_example\windows\src\vc++2005_express\debug\stdafx.obj
c:\microchip\mla\v2014_07_22\apps\usb\device\hid_custom\utilities\plug_and_play_example\windows\src\vc++2005_express\debug\hid pnp demo.obj
c:\microchip\mla\v2014_07_22\apps\usb\device\hid_custom\utilities\plug_and_play_example\windows\src\vc++2005_express\debug\assemblyinfo.obj
c:\microchip\mla\v2014_07_22\apps\usb\device\hid_custom\utilities\plug_and_play_example\windows\src\vc++2005_express\debug\.netframework,version=v4.0.assemblyattributes.obj
f:\projects\electronica\prueba_18f4550-usbhid\software\vs2013\debug\hid pnp demo.pch
f:\projects\electronica\prueba_18f4550-usbhid\software\vs2013\debug\vc120.pdb
f:\projects\electronica\prueba_18f4550-usbhid\software\vs2013\debug\stdafx.obj
f:\projects\electronica\prueba_18f4550-usbhid\software\vs2013\debug\hid pnp demo.obj
f:\projects\electronica\prueba_18f4550-usbhid\software\vs2013\debug\assemblyinfo.obj
c:\microchip\mla\v2014_07_22\apps\usb\device\hid_custom\utilities\plug_and_play_example\windows\src\vc++2005_express\debug\hidpnpdemo.form1.resources
f:\projects\electronica\prueba_18f4550-usbhid\software\vs2013\debug\hidpnpdemo.form1.resources
c:\microchip\mla\v2014_07_22\apps\usb\device\hid_custom\utilities\plug_and_play_example\windows\src\vc++2005_express\debug\hid pnp demo.exe
c:\microchip\mla\v2014_07_22\apps\usb\device\hid_custom\utilities\plug_and_play_example\windows\src\vc++2005_express\debug\hid pnp demo.pdb
f:\projects\electronica\prueba_18f4550-usbhid\software\vs2013\debug\hid pnp demo.exe
f:\projects\electronica\prueba_18f4550-usbhid\software\vs2013\debug\hid pnp demo.pdb
c:\microchip\mla\v2014_07_22\apps\usb\device\hid_custom\utilities\plug_and_play_example\windows\src\vc++2005_express\debug\app.res
f:\projects\electronica\prueba_18f4550-usbhid\software\vs2013\debug\app.res
f:\projects\programming\18f4550-usb-hid-cx8\software\vs2013\debug\hid pnp demo.vcxproj.generateresource.cache
f:\projects\programming\18f4550-usb-hid-cx8\software\vs2013\debug\hid pnp demo.vcxprojresolveassemblyreference.cache
f:\projects\programming\18f4550-usb-hid-cx8\software\vs2013\debug\.netframework,version=v4.0.assemblyattributes.obj
f:\projects\programming\18f4550-usb-hid-cx8\software\vs2013\debug\assemblyinfo.obj
f:\projects\programming\18f4550-usb-hid-cx8\software\vs2013\debug\hid pnp demo.obj
f:\projects\programming\18f4550-usb-hid-cx8\software\vs2013\debug\stdafx.obj
f:\projects\programming\18f4550-usb-hid-cx8\software\vs2013\debug\hidpnpdemo.form1.resources
f:\projects\programming\18f4550-usb-hid-cx8\software\vs2013\debug\app.res
f:\projects\programming\18f4550-usb-hid-cx8\software\vs2013\debug\hid pnp demo.pch
f:\projects\programming\18f4550-usb-hid-cx8\software\vs2013\debug\hid pnp demo.pdb
f:\projects\programming\18f4550-usb-hid-cx8\software\vs2013\debug\vc120.pdb
f:\projects\programming\18f4550-usb-hid-cx8\software\vs2013\debug\hid pnp demo.exe.metagen
f:\projects\programming\18f4550-usb-hid-cx8\software\vs2013\debug\hid pnp demo.exe
f:\projects\programming\18f4550-usb-hid-cx8\software\vs2013\debug\hid pnp demo.tlog\cl.command.1.tlog
f:\projects\programming\18f4550-usb-hid-cx8\software\vs2013\debug\hid pnp demo.tlog\cl.read.1.tlog
f:\projects\programming\18f4550-usb-hid-cx8\software\vs2013\debug\hid pnp demo.tlog\cl.write.1.tlog
f:\projects\programming\18f4550-usb-hid-cx8\software\vs2013\debug\hid pnp demo.tlog\hid pnp demo.write.1u.tlog
f:\projects\programming\18f4550-usb-hid-cx8\software\vs2013\debug\hid pnp demo.tlog\link.command.1.tlog
f:\projects\programming\18f4550-usb-hid-cx8\software\vs2013\debug\hid pnp demo.tlog\link.read.1.tlog
f:\projects\programming\18f4550-usb-hid-cx8\software\vs2013\debug\hid pnp demo.tlog\link.write.1.tlog
f:\projects\programming\18f4550-usb-hid-cx8\software\vs2013\debug\hid pnp demo.tlog\metagen.read.1.tlog
f:\projects\programming\18f4550-usb-hid-cx8\software\vs2013\debug\hid pnp demo.tlog\metagen.write.1.tlog
f:\projects\programming\18f4550-usb-hid-cx8\software\vs2013\debug\hid pnp demo.tlog\rc.command.1.tlog
f:\projects\programming\18f4550-usb-hid-cx8\software\vs2013\debug\hid pnp demo.tlog\rc.read.1.tlog
f:\projects\programming\18f4550-usb-hid-cx8\software\vs2013\debug\hid pnp demo.tlog\rc.write.1.tlog
f:\projects\programming\18f4550-usb-hid-cx8\software\vs2013\debug\hid pnp demo.tlog\tzres.dll.bi
